<?xml version="1.0" encoding="UTF-8"?>
<!-- Generated by org.testng.reporters.JUnitXMLReporter -->
<testsuite ignored="2" hostname="Alnobl" failures="0" tests="1" name="Default test" time="18.878" errors="0" timestamp="2024-03-30T02:21:00 AST">
  <testcase classname="myTestCases.myTestCases" name="pressOnAllNumber2" time="4.213"/>
  <testcase classname="myTestCases.myTestCases" name="myTestcases" time="0.0">
    <ignored/>
  </testcase> <!-- myTestcases -->
  <testcase classname="myTestCases.myTestCases" name="pressOnAllNumber" time="0.0">
    <ignored/>
  </testcase> <!-- pressOnAllNumber -->
</testsuite> <!-- Default test -->
