<?xml version="1.0" encoding="UTF-8"?>
<testng-results ignored="0" total="2" passed="1" failed="1" skipped="0">
  <reporter-output>
  </reporter-output>
  <suite started-at="2024-03-29T03:03:52 AST" name="Default suite" finished-at="2024-03-29T03:04:11 AST" duration-ms="18362">
    <groups>
    </groups>
    <test started-at="2024-03-29T03:03:52 AST" name="Default test" finished-at="2024-03-29T03:04:11 AST" duration-ms="18362">
      <class name="myTestCases.myTestCases">
        <test-method is-config="true" signature="mySetup()[pri:0, instance:myTestCases.myTestCases@4f83df68]" started-at="2024-03-29T03:03:52 AST" name="mySetup" finished-at="2024-03-29T03:04:08 AST" duration-ms="15263" status="PASS">
          <reporter-output>
          </reporter-output>
        </test-method> <!-- mySetup -->
        <test-method signature="myTestcases()[pri:0, instance:myTestCases.myTestCases@4f83df68]" started-at="2024-03-29T03:04:08 AST" name="myTestcases" finished-at="2024-03-29T03:04:10 AST" duration-ms="2749" status="PASS">
          <reporter-output>
          </reporter-output>
        </test-method> <!-- myTestcases -->
        <test-method signature="pressOnAllNumber()[pri:0, instance:myTestCases.myTestCases@4f83df68]" started-at="2024-03-29T03:04:10 AST" name="pressOnAllNumber" finished-at="2024-03-29T03:04:11 AST" duration-ms="302" status="FAIL">
          <exception class="java.lang.NumberFormatException">
            <message>
              <![CDATA[For input string: ""]]>
            </message>
            <full-stacktrace>
              <![CDATA[java.lang.NumberFormatException: For input string: ""
at java.base/java.lang.NumberFormatException.forInputString(NumberFormatException.java:67)
at java.base/java.lang.Integer.parseInt(Integer.java:678)
at java.base/java.lang.Integer.parseInt(Integer.java:786)
at myTestCases.myTestCases.pressOnAllNumber(myTestCases.java:68)
at java.base/jdk.internal.reflect.NativeMethodAccessorImpl.invoke0(Native Method)
at java.base/jdk.internal.reflect.NativeMethodAccessorImpl.invoke(NativeMethodAccessorImpl.java:77)
at java.base/jdk.internal.reflect.DelegatingMethodAccessorImpl.invoke(DelegatingMethodAccessorImpl.java:43)
at java.base/java.lang.reflect.Method.invoke(Method.java:568)
at org.testng.internal.MethodInvocationHelper.invokeMethod(MethodInvocationHelper.java:133)
at org.testng.internal.TestInvoker.invokeMethod(TestInvoker.java:598)
at org.testng.internal.TestInvoker.invokeTestMethod(TestInvoker.java:173)
at org.testng.internal.MethodRunner.runInSequence(MethodRunner.java:46)
at org.testng.internal.TestInvoker$MethodInvocationAgent.invoke(TestInvoker.java:824)
at org.testng.internal.TestInvoker.invokeTestMethods(TestInvoker.java:146)
at org.testng.internal.TestMethodWorker.invokeTestMethods(TestMethodWorker.java:146)
at org.testng.internal.TestMethodWorker.run(TestMethodWorker.java:128)
at java.base/java.util.ArrayList.forEach(ArrayList.java:1511)
at org.testng.TestRunner.privateRun(TestRunner.java:794)
at org.testng.TestRunner.run(TestRunner.java:596)
at org.testng.SuiteRunner.runTest(SuiteRunner.java:377)
at org.testng.SuiteRunner.runSequentially(SuiteRunner.java:371)
at org.testng.SuiteRunner.privateRun(SuiteRunner.java:332)
at org.testng.SuiteRunner.run(SuiteRunner.java:276)
at org.testng.SuiteRunnerWorker.runSuite(SuiteRunnerWorker.java:53)
at org.testng.SuiteRunnerWorker.run(SuiteRunnerWorker.java:96)
at org.testng.TestNG.runSuitesSequentially(TestNG.java:1212)
at org.testng.TestNG.runSuitesLocally(TestNG.java:1134)
at org.testng.TestNG.runSuites(TestNG.java:1063)
at org.testng.TestNG.run(TestNG.java:1031)
at org.testng.remote.AbstractRemoteTestNG.run(AbstractRemoteTestNG.java:115)
at org.testng.remote.RemoteTestNG.initAndRun(RemoteTestNG.java:251)
at org.testng.remote.RemoteTestNG.main(RemoteTestNG.java:77)
]]>
            </full-stacktrace>
          </exception> <!-- java.lang.NumberFormatException -->
          <reporter-output>
          </reporter-output>
        </test-method> <!-- pressOnAllNumber -->
      </class> <!-- myTestCases.myTestCases -->
    </test> <!-- Default test -->
  </suite> <!-- Default suite -->
</testng-results>
