<?xml version="1.0" encoding="UTF-8"?>
<testng-results ignored="0" total="1" passed="1" failed="0" skipped="0">
  <reporter-output>
  </reporter-output>
  <suite started-at="2024-03-28T04:11:45 AST" name="Default suite" finished-at="2024-03-28T04:12:15 AST" duration-ms="29686">
    <groups>
    </groups>
    <test started-at="2024-03-28T04:11:45 AST" name="Default test" finished-at="2024-03-28T04:12:15 AST" duration-ms="29686">
      <class name="myTestCases.myTestCases">
        <test-method is-config="true" signature="mySetup()[pri:0, instance:myTestCases.myTestCases@1a482e36]" started-at="2024-03-28T04:11:45 AST" name="mySetup" finished-at="2024-03-28T04:11:45 AST" duration-ms="24" status="PASS">
          <reporter-output>
          </reporter-output>
        </test-method> <!-- mySetup -->
        <test-method signature="myTestcases()[pri:0, instance:myTestCases.myTestCases@1a482e36]" started-at="2024-03-28T04:11:45 AST" name="myTestcases" finished-at="2024-03-28T04:12:14 AST" duration-ms="29553" status="PASS">
          <reporter-output>
          </reporter-output>
        </test-method> <!-- myTestcases -->
      </class> <!-- myTestCases.myTestCases -->
    </test> <!-- Default test -->
  </suite> <!-- Default suite -->
</testng-results>
